mktextfm texgyredejavu-mathxxxxfsdfsaf.otf/OT
mktextfm texgyredejavu-mathxxxxfsdfsaf.otf/OT
mktextfm texgyredejavu-mathxxxxfsdfsaf.otf/OT
mktextfm texgyredejavu-math/OT
mktextfm texgyredejavu-math/OT
mktextfm texgyredejavu-math/OT
mktextfm LMRoman/OT
mktextfm LMRoman/OT
mktextfm LMRoman/OT
mktextfm MathJax/OT
mktextfm MathJax/OT
mktextfm MathJax/OT
mktextfm MathJax/OT
mktextfm MathJax/OT
mktextfm MathJax/OT
mktextfm MLModern/OT
mktextfm MLModern/OT
mktextfm MLModern/OT
mktextfm lmodern/OT
mktextfm lmodern/OT
mktextfm lmodern/OT
mktextfm tgtermes/OT
mktextfm tgtermes/OT
mktextfm tgtermes/OT
mktextfm tgtermes/OT
mktextfm tgtermes/OT
mktextfm tgtermes/OT
mktextfm Times
mktextfm Times
mktextfm Times
